<?xml version="1.0" encoding="UTF-8"?>
<testng-results ignored="0" total="1" passed="1" failed="0" skipped="0">
  <reporter-output>
  </reporter-output>
  <suite started-at="2023-11-27T16:03:58 IST" name="Default suite" finished-at="2023-11-27T16:04:12 IST" duration-ms="13763">
    <groups>
    </groups>
    <test started-at="2023-11-27T16:03:58 IST" name="Default test" finished-at="2023-11-27T16:04:12 IST" duration-ms="13763">
      <class name="Module1_Login_Test.SwagLabLoginTest1">
        <test-method is-config="true" signature="openBrowser()[pri:0, instance:Module1_Login_Test.SwagLabLoginTest1@5b7a5baa]" started-at="2023-11-27T16:03:58 IST" name="openBrowser" finished-at="2023-11-27T16:04:02 IST" duration-ms="3172" status="PASS">
          <reporter-output>
          </reporter-output>
        </test-method> <!-- openBrowser -->
        <test-method is-config="true" signature="loginToApp()[pri:0, instance:Module1_Login_Test.SwagLabLoginTest1@5b7a5baa]" started-at="2023-11-27T16:04:02 IST" name="loginToApp" finished-at="2023-11-27T16:04:07 IST" duration-ms="5328" status="PASS">
          <reporter-output>
          </reporter-output>
        </test-method> <!-- loginToApp -->
        <test-method signature="VerifyTitle()[pri:0, instance:Module1_Login_Test.SwagLabLoginTest1@5b7a5baa]" started-at="2023-11-27T16:04:07 IST" name="VerifyTitle" finished-at="2023-11-27T16:04:08 IST" duration-ms="778" status="PASS">
          <reporter-output>
          </reporter-output>
        </test-method> <!-- VerifyTitle -->
        <test-method is-config="true" signature="logoutFromApp(org.testng.ITestResult)[pri:0, instance:Module1_Login_Test.SwagLabLoginTest1@5b7a5baa]" started-at="2023-11-27T16:04:08 IST" name="logoutFromApp" finished-at="2023-11-27T16:04:12 IST" duration-ms="4142" status="PASS">
          <params>
            <param index="0">
              <value>
                <![CDATA[[TestResult name=VerifyTitle status=SUCCESS method=SwagLabLoginTest1.VerifyTitle()[pri:0, instance:Module1_Login_Test.SwagLabLoginTest1@5b7a5baa] output={null}]]]>
              </value>
            </param>
          </params>
          <reporter-output>
          </reporter-output>
        </test-method> <!-- logoutFromApp -->
        <test-method is-config="true" signature="closeBrowser()[pri:0, instance:Module1_Login_Test.SwagLabLoginTest1@5b7a5baa]" started-at="2023-11-27T16:04:12 IST" name="closeBrowser" finished-at="2023-11-27T16:04:12 IST" duration-ms="301" status="PASS">
          <reporter-output>
          </reporter-output>
        </test-method> <!-- closeBrowser -->
      </class> <!-- Module1_Login_Test.SwagLabLoginTest1 -->
    </test> <!-- Default test -->
  </suite> <!-- Default suite -->
</testng-results>
